This is pdfTeX, Version 3.141592653-2.6-1.40.25 (MiKTeX 23.5) (preloaded format=pdflatex 2023.6.26)  9 JUL 2023 22:21
entering extended mode
 restricted \write18 enabled.
 %&-line parsing enabled.
**./main_FoT.tex
(main_FoT.tex
LaTeX2e <2023-06-01> patch level 1
L3 programming layer <2023-06-16>
(C:\Users\jiri\AppData\Local\Programs\MiKTeX\tex/latex/base\article.cls
Document Class: article 2023/05/17 v1.4n Standard LaTeX document class
(C:\Users\jiri\AppData\Local\Programs\MiKTeX\tex/latex/base\size12.clo
File: size12.clo 2023/05/17 v1.4n Standard LaTeX file (size option)
)
\c@part=\count185
\c@section=\count186
\c@subsection=\count187
\c@subsubsection=\count188
\c@paragraph=\count189
\c@subparagraph=\count190
\c@figure=\count191
\c@table=\count192
\abovecaptionskip=\skip48
\belowcaptionskip=\skip49
\bibindent=\dimen140
)
(C:\Users\jiri\AppData\Local\Programs\MiKTeX\tex/latex/geometry\geometry.sty
Package: geometry 2020/01/02 v5.9 Page Geometry

(C:\Users\jiri\AppData\Local\Programs\MiKTeX\tex/latex/graphics\keyval.sty
Package: keyval 2022/05/29 v1.15 key=value parser (DPC)
\KV@toks@=\toks17
)
(C:\Users\jiri\AppData\Local\Programs\MiKTeX\tex/generic/iftex\ifvtex.sty
Package: ifvtex 2019/10/25 v1.7 ifvtex legacy package. Use iftex instead.

(C:\Users\jiri\AppData\Local\Programs\MiKTeX\tex/generic/iftex\iftex.sty
Package: iftex 2022/02/03 v1.0f TeX engine tests
))
\Gm@cnth=\count193
\Gm@cntv=\count194
\c@Gm@tempcnt=\count195
\Gm@bindingoffset=\dimen141
\Gm@wd@mp=\dimen142
\Gm@odd@mp=\dimen143
\Gm@even@mp=\dimen144
\Gm@layoutwidth=\dimen145
\Gm@layoutheight=\dimen146
\Gm@layouthoffset=\dimen147
\Gm@layoutvoffset=\dimen148
\Gm@dimlist=\toks18

(C:\Users\jiri\AppData\Local\Programs\MiKTeX\tex/latex/geometry\geometry.cfg))
(C:\Users\jiri\AppData\Local\Programs\MiKTeX\tex/latex/amsmath\amsmath.sty
Package: amsmath 2023/05/13 v2.17o AMS math features
\@mathmargin=\skip50

For additional information on amsmath, use the `?' option.
(C:\Users\jiri\AppData\Local\Programs\MiKTeX\tex/latex/amsmath\amstext.sty
Package: amstext 2021/08/26 v2.01 AMS text

(C:\Users\jiri\AppData\Local\Programs\MiKTeX\tex/latex/amsmath\amsgen.sty
File: amsgen.sty 1999/11/30 v2.0 generic functions
\@emptytoks=\toks19
\ex@=\dimen149
))
(C:\Users\jiri\AppData\Local\Programs\MiKTeX\tex/latex/amsmath\amsbsy.sty
Package: amsbsy 1999/11/29 v1.2d Bold Symbols
\pmbraise@=\dimen150
)
(C:\Users\jiri\AppData\Local\Programs\MiKTeX\tex/latex/amsmath\amsopn.sty
Package: amsopn 2022/04/08 v2.04 operator names
)
\inf@bad=\count196
LaTeX Info: Redefining \frac on input line 234.
\uproot@=\count197
\leftroot@=\count198
LaTeX Info: Redefining \overline on input line 399.
LaTeX Info: Redefining \colon on input line 410.
\classnum@=\count199
\DOTSCASE@=\count266
LaTeX Info: Redefining \ldots on input line 496.
LaTeX Info: Redefining \dots on input line 499.
LaTeX Info: Redefining \cdots on input line 620.
\Mathstrutbox@=\box51
\strutbox@=\box52
LaTeX Info: Redefining \big on input line 722.
LaTeX Info: Redefining \Big on input line 723.
LaTeX Info: Redefining \bigg on input line 724.
LaTeX Info: Redefining \Bigg on input line 725.
\big@size=\dimen151
LaTeX Font Info:    Redeclaring font encoding OML on input line 743.
LaTeX Font Info:    Redeclaring font encoding OMS on input line 744.
\macc@depth=\count267
LaTeX Info: Redefining \bmod on input line 905.
LaTeX Info: Redefining \pmod on input line 910.
LaTeX Info: Redefining \smash on input line 940.
LaTeX Info: Redefining \relbar on input line 970.
LaTeX Info: Redefining \Relbar on input line 971.
\c@MaxMatrixCols=\count268
\dotsspace@=\muskip16
\c@parentequation=\count269
\dspbrk@lvl=\count270
\tag@help=\toks20
\row@=\count271
\column@=\count272
\maxfields@=\count273
\andhelp@=\toks21
\eqnshift@=\dimen152
\alignsep@=\dimen153
\tagshift@=\dimen154
\tagwidth@=\dimen155
\totwidth@=\dimen156
\lineht@=\dimen157
\@envbody=\toks22
\multlinegap=\skip51
\multlinetaggap=\skip52
\mathdisplay@stack=\toks23
LaTeX Info: Redefining \[ on input line 2953.
LaTeX Info: Redefining \] on input line 2954.
)
(C:\Users\jiri\AppData\Local\Programs\MiKTeX\tex/latex/float\float.sty
Package: float 2001/11/08 v1.3d Float enhancements (AL)
\c@float@type=\count274
\float@exts=\toks24
\float@box=\box53
\@float@everytoks=\toks25
\@floatcapt=\box54
)
(C:\Users\jiri\AppData\Local\Programs\MiKTeX\tex/latex/xcolor\xcolor.sty
Package: xcolor 2022/06/12 v2.14 LaTeX color extensions (UK)

(C:\Users\jiri\AppData\Local\Programs\MiKTeX\tex/latex/graphics-cfg\color.cfg
File: color.cfg 2016/01/02 v1.6 sample color configuration
)
Package xcolor Info: Driver file: pdftex.def on input line 227.

(C:\Users\jiri\AppData\Local\Programs\MiKTeX\tex/latex/graphics-def\pdftex.def
File: pdftex.def 2022/09/22 v1.2b Graphics/color driver for pdftex
) (C:\Users\jiri\AppData\Local\Programs\MiKTeX\tex/latex/graphics\mathcolor.ltx
)
Package xcolor Info: Model `cmy' substituted by `cmy0' on input line 1353.
Package xcolor Info: Model `hsb' substituted by `rgb' on input line 1357.
Package xcolor Info: Model `RGB' extended on input line 1369.
Package xcolor Info: Model `HTML' substituted by `rgb' on input line 1371.
Package xcolor Info: Model `Hsb' substituted by `hsb' on input line 1372.
Package xcolor Info: Model `tHsb' substituted by `hsb' on input line 1373.
Package xcolor Info: Model `HSB' substituted by `hsb' on input line 1374.
Package xcolor Info: Model `Gray' substituted by `gray' on input line 1375.
Package xcolor Info: Model `wave' substituted by `hsb' on input line 1376.
(C:\Users\jiri\AppData\Local\Programs\MiKTeX\tex/latex/graphics\dvipsnam.def
File: dvipsnam.def 2016/06/17 v3.0m Driver-dependent file (DPC,SPQR)
))
(C:\Users\jiri\AppData\Local\Programs\MiKTeX\tex/latex/mdwtools\footnote.sty
Package: footnote 1997/01/28 1.13 Save footnotes around boxes
\fn@notes=\box55
\fn@width=\dimen158
)
(C:\Users\jiri\AppData\Local\Programs\MiKTeX\tex/latex/url\url.sty
\Urlmuskip=\muskip17
Package: url 2013/09/16  ver 3.4  Verb mode for urls, etc.
)
(C:\Users\jiri\AppData\Local\Programs\MiKTeX\tex/latex/base\inputenc.sty
Package: inputenc 2021/02/14 v1.3d Input encoding file
\inpenc@prehook=\toks26
\inpenc@posthook=\toks27
)
(C:\Users\jiri\AppData\Local\Programs\MiKTeX\tex/generic/babel\babel.sty
Package: babel 2023/05/11 v3.89 The Babel package
\babel@savecnt=\count275
\U@D=\dimen159
\l@unhyphenated=\language79

(C:\Users\jiri\AppData\Local\Programs\MiKTeX\tex/generic/babel\txtbabel.def)
\bbl@readstream=\read2
\bbl@dirlevel=\count276

*************************************
* Local config file bblopts.cfg used
*
(C:\Users\jiri\AppData\Local\Programs\MiKTeX\tex/latex/arabi\bblopts.cfg
File: bblopts.cfg 2005/09/08 v0.1 add Arabic and Farsi to "declared" options of
 babel
)
(C:\Users\jiri\AppData\Local\Programs\MiKTeX\tex/latex/babel-czech\czech.ldf
Language: czech 2008/07/06 v3.1a Czech support from the babel system
Package babel Info: Making " an active character on input line 172.
\cs@wordlen=\count277
Package babel Info: Making - an active character on input line 226.
))
(C:\Users\jiri\AppData\Local\Programs\MiKTeX\tex/generic/babel/locale/cs\babel-
czech.tex
Package babel Info: Importing font and identification data for czech
(babel)             from babel-cs.ini. Reported on input line 11.
)
(C:\Users\jiri\AppData\Local\Programs\MiKTeX\tex/latex/tools\enumerate.sty
Package: enumerate 2015/07/23 v3.00 enumerate extensions (DPC)
\@enLab=\toks28
)
(C:\Users\jiri\AppData\Local\Programs\MiKTeX\tex/latex/amsfonts\amsfonts.sty
Package: amsfonts 2013/01/14 v3.01 Basic AMSFonts support
\symAMSa=\mathgroup4
\symAMSb=\mathgroup5
LaTeX Font Info:    Redeclaring math symbol \hbar on input line 98.
LaTeX Font Info:    Overwriting math alphabet `\mathfrak' in version `bold'
(Font)                  U/euf/m/n --> U/euf/b/n on input line 106.
)
(C:\Users\jiri\AppData\Local\Programs\MiKTeX\tex/latex/amsfonts\amssymb.sty
Package: amssymb 2013/01/14 v3.01 AMS font symbols
)
(C:\Users\jiri\AppData\Local\Programs\MiKTeX\tex/latex/graphics\graphicx.sty
Package: graphicx 2021/09/16 v1.2d Enhanced LaTeX Graphics (DPC,SPQR)

(C:\Users\jiri\AppData\Local\Programs\MiKTeX\tex/latex/graphics\graphics.sty
Package: graphics 2022/03/10 v1.4e Standard LaTeX Graphics (DPC,SPQR)

(C:\Users\jiri\AppData\Local\Programs\MiKTeX\tex/latex/graphics\trig.sty
Package: trig 2021/08/11 v1.11 sin cos tan (DPC)
)
(C:\Users\jiri\AppData\Local\Programs\MiKTeX\tex/latex/graphics-cfg\graphics.cf
g
File: graphics.cfg 2016/06/04 v1.11 sample graphics configuration
)
Package graphics Info: Driver file: pdftex.def on input line 107.
)
\Gin@req@height=\dimen160
\Gin@req@width=\dimen161
)
(C:\Users\jiri\AppData\Local\Programs\MiKTeX\tex/latex/setspace\setspace.sty
Package: setspace 2022/12/04 v6.7b set line spacing
)
(C:\Users\jiri\AppData\Local\Programs\MiKTeX\tex/latex/tools\multicol.sty
Package: multicol 2023/03/30 v1.9f multicolumn formatting (FMi)
\c@tracingmulticols=\count278
\mult@box=\box56
\multicol@leftmargin=\dimen162
\c@unbalance=\count279
\c@collectmore=\count280
\doublecol@number=\count281
\multicoltolerance=\count282
\multicolpretolerance=\count283
\full@width=\dimen163
\page@free=\dimen164
\premulticols=\dimen165
\postmulticols=\dimen166
\multicolsep=\skip53
\multicolbaselineskip=\skip54
\partial@page=\box57
\last@line=\box58
\mc@boxedresult=\box59
\maxbalancingoverflow=\dimen167
\mult@rightbox=\box60
\mult@grightbox=\box61
\mult@firstbox=\box62
\mult@gfirstbox=\box63
\@tempa=\box64
\@tempa=\box65
\@tempa=\box66
\@tempa=\box67
\@tempa=\box68
\@tempa=\box69
\@tempa=\box70
\@tempa=\box71
\@tempa=\box72
\@tempa=\box73
\@tempa=\box74
\@tempa=\box75
\@tempa=\box76
\@tempa=\box77
\@tempa=\box78
\@tempa=\box79
\@tempa=\box80
\@tempa=\box81
\@tempa=\box82
\@tempa=\box83
\@tempa=\box84
\@tempa=\box85
\@tempa=\box86
\@tempa=\box87
\@tempa=\box88
\@tempa=\box89
\@tempa=\box90
\@tempa=\box91
\@tempa=\box92
\@tempa=\box93
\@tempa=\box94
\@tempa=\box95
\@tempa=\box96
\@tempa=\box97
\@tempa=\box98
\@tempa=\box99
\c@minrows=\count284
\c@columnbadness=\count285
\c@finalcolumnbadness=\count286
\last@try=\dimen168
\multicolovershoot=\dimen169
\multicolundershoot=\dimen170
\mult@nat@firstbox=\box100
\colbreak@box=\box101
\mc@col@check@num=\count287
)
(C:\Users\jiri\AppData\Local\Programs\MiKTeX\tex/latex/multirow\multirow.sty
Package: multirow 2021/03/15 v2.8 Span multiple rows of a table
\multirow@colwidth=\skip55
\multirow@cntb=\count288
\multirow@dima=\skip56
\bigstrutjot=\dimen171
)
(C:\Users\jiri\AppData\Local\Programs\MiKTeX\tex/latex/fancyhdr\fancyhdr.sty
Package: fancyhdr 2022/11/09 v4.1 Extensive control of page headers and footers

\f@nch@headwidth=\skip57
\f@nch@O@elh=\skip58
\f@nch@O@erh=\skip59
\f@nch@O@olh=\skip60
\f@nch@O@orh=\skip61
\f@nch@O@elf=\skip62
\f@nch@O@erf=\skip63
\f@nch@O@olf=\skip64
\f@nch@O@orf=\skip65
)
(C:\Users\jiri\AppData\Local\Programs\MiKTeX\tex/latex/chngcntr\chngcntr.sty
Package: chngcntr 2018/04/09 v1.1a change counter resetting
Package chngcntr Info: \counterwithout already defined.
(chngcntr)             Quitting chngcntr on input line 21.
)
(C:\Users\jiri\AppData\Local\Programs\MiKTeX\tex/latex/tools\array.sty
Package: array 2022/09/04 v2.5g Tabular extension package (FMi)
\col@sep=\dimen172
\ar@mcellbox=\box102
\extrarowheight=\dimen173
\NC@list=\toks29
\extratabsurround=\skip66
\backup@length=\skip67
\ar@cellbox=\box103
)
(C:\Users\jiri\AppData\Local\Programs\MiKTeX\tex/latex/psnfss\helvet.sty
Package: helvet 2020/03/25 PSNFSS-v9.3 (WaS) 
)
(C:\Users\jiri\AppData\Local\Programs\MiKTeX\tex/latex/threeparttable\threepart
table.sty
Package: threeparttable 2003/06/13  v 3.0
\@tempboxb=\box104
)
(C:\Users\jiri\AppData\Local\Programs\MiKTeX\tex/latex/makecell\makecell.sty
Package: makecell 2009/08/03 V0.1e Managing of Tab Column Heads and Cells
\rotheadsize=\dimen174
\c@nlinenum=\count289
\TeXr@lab=\toks30
)
(C:\Users\jiri\AppData\Local\Programs\MiKTeX\tex/latex/appendix\appendix.sty
Package: appendix 2020/02/08 v1.2c extra appendix facilities
\c@@pps=\count290
\c@@ppsavesec=\count291
\c@@ppsaveapp=\count292
)
(C:\Users\jiri\AppData\Local\Programs\MiKTeX\tex/latex/siunitx\siunitx.sty
Package: siunitx 2023-06-12 v3.2.6 A comprehensive (SI) units package
\l__siunitx_angle_tmp_dim=\dimen175
\l__siunitx_angle_marker_box=\box105
\l__siunitx_angle_unit_box=\box106
\l__siunitx_compound_count_int=\count293

(C:\Users\jiri\AppData\Local\Programs\MiKTeX\tex/latex/translations\translation
s.sty
Package: translations 2022/02/05 v1.12 internationalization of LaTeX2e packages
 (CN)

(C:\Users\jiri\AppData\Local\Programs\MiKTeX\tex/latex/etoolbox\etoolbox.sty
Package: etoolbox 2020/10/05 v2.5k e-TeX tools for LaTeX (JAW)
\etb@tempcnta=\count294
)
(C:\Users\jiri\AppData\Local\Programs\MiKTeX\tex/generic/pdftexcmds\pdftexcmds.
sty
Package: pdftexcmds 2020-06-27 v0.33 Utility functions of pdfTeX for LuaTeX (HO
)

(C:\Users\jiri\AppData\Local\Programs\MiKTeX\tex/generic/infwarerr\infwarerr.st
y
Package: infwarerr 2019/12/03 v1.5 Providing info/warning/error messages (HO)
) (C:\Users\jiri\AppData\Local\Programs\MiKTeX\tex/generic/ltxcmds\ltxcmds.sty
Package: ltxcmds 2020-05-10 v1.25 LaTeX kernel commands for general use (HO)
)
Package pdftexcmds Info: \pdf@primitive is available.
Package pdftexcmds Info: \pdf@ifprimitive is available.
Package pdftexcmds Info: \pdfdraftmode found.
))
\l__siunitx_number_exponent_fixed_int=\count295
\l__siunitx_number_min_decimal_int=\count296
\l__siunitx_number_min_integer_int=\count297
\l__siunitx_number_round_precision_int=\count298
\l__siunitx_number_lower_threshold_int=\count299
\l__siunitx_number_upper_threshold_int=\count300
\l__siunitx_number_group_first_int=\count301
\l__siunitx_number_group_size_int=\count302
\l__siunitx_number_group_minimum_int=\count303
\l__siunitx_table_tmp_box=\box107
\l__siunitx_table_tmp_dim=\dimen176
\l__siunitx_table_column_width_dim=\dimen177
\l__siunitx_table_integer_box=\box108
\l__siunitx_table_decimal_box=\box109
\l__siunitx_table_uncert_box=\box110
\l__siunitx_table_before_box=\box111
\l__siunitx_table_after_box=\box112
\l__siunitx_table_before_dim=\dimen178
\l__siunitx_table_carry_dim=\dimen179
\l__siunitx_unit_tmp_int=\count304
\l__siunitx_unit_position_int=\count305
\l__siunitx_unit_total_int=\count306
) (C:\Users\jiri\AppData\Local\Programs\MiKTeX\tex/latex/caption\caption.sty
Package: caption 2023/03/12 v3.6j Customizing captions (AR)
(C:\Users\jiri\AppData\Local\Programs\MiKTeX\tex/latex/caption\caption3.sty
Package: caption3 2023/03/12 v2.4 caption3 kernel (AR)
\caption@tempdima=\dimen180
\captionmargin=\dimen181
\caption@leftmargin=\dimen182
\caption@rightmargin=\dimen183
\caption@width=\dimen184
\caption@indent=\dimen185
\caption@parindent=\dimen186
\caption@hangindent=\dimen187
Package caption Info: Standard document class detected.
)
\c@caption@flags=\count307
\c@continuedfloat=\count308
Package caption Info: float package is loaded.
Package caption Info: threeparttable package is loaded.
)
(C:\Users\jiri\AppData\Local\Programs\MiKTeX\tex/latex/caption\subcaption.sty
Package: subcaption 2023/02/19 v1.6 Sub-captions (AR)
Package caption Info: New subtype `subfigure' on input line 239.
\c@subfigure=\count309
Package caption Info: New subtype `subtable' on input line 239.
\c@subtable=\count310
)
(C:\Users\jiri\AppData\Local\Programs\MiKTeX\tex/latex/placeins\placeins.sty
Package: placeins 2005/04/18  v 2.2
)
(C:\Users\jiri\AppData\Local\Programs\MiKTeX\tex/latex/csquotes\csquotes.sty
Package: csquotes 2022-09-14 v5.2n context-sensitive quotations (JAW)
\csq@reset=\count311
\csq@gtype=\count312
\csq@glevel=\count313
\csq@qlevel=\count314
\csq@maxlvl=\count315
\csq@tshold=\count316
\csq@ltx@everypar=\toks31

(C:\Users\jiri\AppData\Local\Programs\MiKTeX\tex/latex/csquotes\csquotes.def
File: csquotes.def 2022-09-14 v5.2n csquotes generic definitions (JAW)
)
Package csquotes Info: Trying to load configuration file 'csquotes.cfg'...
Package csquotes Info: ... configuration file loaded successfully.

(C:\Users\jiri\AppData\Local\Programs\MiKTeX\tex/latex/csquotes\csquotes.cfg
File: csquotes.cfg 
))
(C:\Users\jiri\AppData\Local\Programs\MiKTeX\tex/latex/biblatex\biblatex.sty
Package: biblatex 2023/03/05 v3.19 programmable bibliographies (PK/MW)

(C:\Users\jiri\AppData\Local\Programs\MiKTeX\tex/latex/kvoptions\kvoptions.sty
Package: kvoptions 2022-06-15 v3.15 Key value format for package options (HO)

(C:\Users\jiri\AppData\Local\Programs\MiKTeX\tex/latex/kvsetkeys\kvsetkeys.sty
Package: kvsetkeys 2022-10-05 v1.19 Key value parser (HO)
)) (C:\Users\jiri\AppData\Local\Programs\MiKTeX\tex/latex/logreq\logreq.sty
Package: logreq 2010/08/04 v1.0 xml request logger
\lrq@indent=\count317

(C:\Users\jiri\AppData\Local\Programs\MiKTeX\tex/latex/logreq\logreq.def
File: logreq.def 2010/08/04 v1.0 logreq spec v1.0
))
(C:\Users\jiri\AppData\Local\Programs\MiKTeX\tex/latex/base\ifthen.sty
Package: ifthen 2022/04/13 v1.1d Standard LaTeX ifthen package (DPC)
)
\c@tabx@nest=\count318
\c@listtotal=\count319
\c@listcount=\count320
\c@liststart=\count321
\c@liststop=\count322
\c@citecount=\count323
\c@citetotal=\count324
\c@multicitecount=\count325
\c@multicitetotal=\count326
\c@instcount=\count327
\c@maxnames=\count328
\c@minnames=\count329
\c@maxitems=\count330
\c@minitems=\count331
\c@citecounter=\count332
\c@maxcitecounter=\count333
\c@savedcitecounter=\count334
\c@uniquelist=\count335
\c@uniquename=\count336
\c@refsection=\count337
\c@refsegment=\count338
\c@maxextratitle=\count339
\c@maxextratitleyear=\count340
\c@maxextraname=\count341
\c@maxextradate=\count342
\c@maxextraalpha=\count343
\c@abbrvpenalty=\count344
\c@highnamepenalty=\count345
\c@lownamepenalty=\count346
\c@maxparens=\count347
\c@parenlevel=\count348
\blx@tempcnta=\count349
\blx@tempcntb=\count350
\blx@tempcntc=\count351
\c@blx@maxsection=\count352
\blx@maxsegment@0=\count353
\blx@notetype=\count354
\blx@parenlevel@text=\count355
\blx@parenlevel@foot=\count356
\blx@sectionciteorder@0=\count357
\blx@sectionciteorderinternal@0=\count358
\blx@entrysetcounter=\count359
\blx@biblioinstance=\count360
\labelnumberwidth=\skip68
\labelalphawidth=\skip69
\biblabelsep=\skip70
\bibitemsep=\skip71
\bibnamesep=\skip72
\bibinitsep=\skip73
\bibparsep=\skip74
\bibhang=\skip75
\blx@bcfin=\read3
\blx@bcfout=\write3
\blx@langwohyphens=\language80
\c@mincomprange=\count361
\c@maxcomprange=\count362
\c@mincompwidth=\count363
Package biblatex Info: Trying to load biblatex default data model...
Package biblatex Info: ... file 'blx-dm.def' found.

(C:\Users\jiri\AppData\Local\Programs\MiKTeX\tex/latex/biblatex\blx-dm.def
File: blx-dm.def 2023/03/05 v3.19 biblatex localization (PK/MW)
)
Package biblatex Info: Trying to load biblatex style data model...
Package biblatex Info: ... file 'iso-numeric.dbx' found.

(C:\Users\jiri\AppData\Local\Programs\MiKTeX\tex/latex/biblatex-iso690\iso-nume
ric.dbx
File: iso-numeric.dbx 2022/03/20 v0.4.1 ISO 690 biblatex data model extension
)
Package biblatex Info: Trying to load biblatex custom data model...
Package biblatex Info: ... file 'biblatex-dm.cfg' not found.
\c@afterword=\count364
\c@savedafterword=\count365
\c@annotator=\count366
\c@savedannotator=\count367
\c@author=\count368
\c@savedauthor=\count369
\c@bookauthor=\count370
\c@savedbookauthor=\count371
\c@commentator=\count372
\c@savedcommentator=\count373
\c@editor=\count374
\c@savededitor=\count375
\c@editora=\count376
\c@savededitora=\count377
\c@editorb=\count378
\c@savededitorb=\count379
\c@editorc=\count380
\c@savededitorc=\count381
\c@foreword=\count382
\c@savedforeword=\count383
\c@holder=\count384
\c@savedholder=\count385
\c@introduction=\count386
\c@savedintroduction=\count387
\c@namea=\count388
\c@savednamea=\count389
\c@nameb=\count390
\c@savednameb=\count391
\c@namec=\count392
\c@savednamec=\count393
\c@translator=\count394
\c@savedtranslator=\count395
\c@shortauthor=\count396
\c@savedshortauthor=\count397
\c@shorteditor=\count398
\c@savedshorteditor=\count399
\c@supervisor=\count400
\c@savedsupervisor=\count401
\c@labelname=\count402
\c@savedlabelname=\count403
\c@institution=\count404
\c@savedinstitution=\count405
\c@lista=\count406
\c@savedlista=\count407
\c@listb=\count408
\c@savedlistb=\count409
\c@listc=\count410
\c@savedlistc=\count411
\c@listd=\count412
\c@savedlistd=\count413
\c@liste=\count414
\c@savedliste=\count415
\c@listf=\count416
\c@savedlistf=\count417
\c@location=\count418
\c@savedlocation=\count419
\c@organization=\count420
\c@savedorganization=\count421
\c@origlocation=\count422
\c@savedoriglocation=\count423
\c@origpublisher=\count424
\c@savedorigpublisher=\count425
\c@publisher=\count426
\c@savedpublisher=\count427
\c@language=\count428
\c@savedlanguage=\count429
\c@origlanguage=\count430
\c@savedoriglanguage=\count431
\c@pageref=\count432
\c@savedpageref=\count433
\shorthandwidth=\skip76
\shortjournalwidth=\skip77
\shortserieswidth=\skip78
\shorttitlewidth=\skip79
\shortauthorwidth=\skip80
\shorteditorwidth=\skip81
\locallabelnumberwidth=\skip82
\locallabelalphawidth=\skip83
\localshorthandwidth=\skip84
\localshortjournalwidth=\skip85
\localshortserieswidth=\skip86
\localshorttitlewidth=\skip87
\localshortauthorwidth=\skip88
\localshorteditorwidth=\skip89
Package biblatex Info: Trying to load compatibility code...
Package biblatex Info: ... file 'blx-compat.def' found.

(C:\Users\jiri\AppData\Local\Programs\MiKTeX\tex/latex/biblatex\blx-compat.def
File: blx-compat.def 2023/03/05 v3.19 biblatex compatibility (PK/MW)
)
Package biblatex Info: Trying to load generic definitions...
Package biblatex Info: ... file 'biblatex.def' found.
(C:\Users\jiri\AppData\Local\Programs\MiKTeX\tex/latex/biblatex\biblatex.def
File: biblatex.def 2023/03/05 v3.19 biblatex compatibility (PK/MW)
\c@textcitecount=\count434
\c@textcitetotal=\count435
\c@textcitemaxnames=\count436
\c@biburlbigbreakpenalty=\count437
\c@biburlbreakpenalty=\count438
\c@biburlnumpenalty=\count439
\c@biburlucpenalty=\count440
\c@biburllcpenalty=\count441
\biburlbigskip=\muskip18
\biburlnumskip=\muskip19
\biburlucskip=\muskip20
\biburllcskip=\muskip21
\c@smartand=\count442
)
Package biblatex Info: Trying to load bibliography style 'iso-numeric'...
Package biblatex Info: ... file 'iso-numeric.bbx' found.

(C:\Users\jiri\AppData\Local\Programs\MiKTeX\tex/latex/biblatex-iso690\iso-nume
ric.bbx
File: iso-numeric.bbx 2022/03/20 v0.4.1 ISO 690 biblatex bibliography style
Package biblatex Info: Trying to load bibliography style 'iso'...
Package biblatex Info: ... file 'iso.bbx' found.

(C:\Users\jiri\AppData\Local\Programs\MiKTeX\tex/latex/biblatex-iso690\iso.bbx
File: iso.bbx 2022/03/20 v0.4.1 ISO 690 biblatex bibliography style
Package biblatex-iso690 Info: Space colon enabled: false.
Package biblatex-iso690 Info: Total pages enabled: false.
Package biblatex-iso690 Info: Short numeration enabled: false.
Package biblatex-iso690 Info: Thesis info in the notes section enabled: true.
Package biblatex-iso690 Info: URL field enabled: true.
Package biblatex-iso690 Info: ISBN field enabled: true.
Package biblatex-iso690 Info: DOI field enabled: true.
Package biblatex-iso690 Info: eprint field enabled: true.
Package biblatex-iso690 Info: Article publication info enabled: false.
Package biblatex-iso690 Info: Use current language for the bibliography: false.

Package biblatex-iso690 Info: Use no end dot for the bibliography entries: fals
e.
Package biblatex Info: Delimiter 'multinamedelim' in context '' already defined
, overwriting.
Package biblatex Info: Delimiter 'finalnamedelim' in context '' already defined
, overwriting.
Package biblatex Info: Delimiter 'editortypedelim' in context '' already define
d, overwriting.
Package biblatex Info: Delimiter 'authortypedelim' in context '' already define
d, overwriting.
))
Package biblatex Info: Trying to load citation style 'iso-numeric'...
Package biblatex Info: ... file 'iso-numeric.cbx' found.

(C:\Users\jiri\AppData\Local\Programs\MiKTeX\tex/latex/biblatex-iso690\iso-nume
ric.cbx
File: iso-numeric.cbx 2022/03/20 v0.4.1 ISO 690 biblatex citation style
Package biblatex Info: Trying to load citation style 'numeric'...
Package biblatex Info: ... file 'numeric.cbx' found.

(C:\Users\jiri\AppData\Local\Programs\MiKTeX\tex/latex/biblatex/cbx\numeric.cbx
File: numeric.cbx 2023/03/05 v3.19 biblatex citation style (PK/MW)
Package biblatex Info: Redefining '\cite'.
Package biblatex Info: Redefining '\parencite'.
Package biblatex Info: Redefining '\footcite'.
Package biblatex Info: Redefining '\footcitetext'.
Package biblatex Info: Redefining '\smartcite'.
Package biblatex Info: Redefining '\supercite'.
Package biblatex Info: Redefining '\textcite'.
Package biblatex Info: Redefining '\textcites'.
Package biblatex Info: Redefining '\cites'.
Package biblatex Info: Redefining '\parencites'.
Package biblatex Info: Redefining '\smartcites'.
)
Package biblatex Info: Trying to load citation style 'iso-fullcite'...
Package biblatex Info: ... file 'iso-fullcite.cbx' found.

(C:\Users\jiri\AppData\Local\Programs\MiKTeX\tex/latex/biblatex-iso690\iso-full
cite.cbx
File: iso-fullcite.cbx 2022/03/20 v0.4.1 ISO 690 biblatex fullcite modification
s
Package biblatex Info: Redefining '\fullcite'.
Package biblatex Info: Redefining '\footfullcite'.
)
Package biblatex Info: Redefining '\parencite'.
)
Package biblatex Info: Trying to load configuration file...
Package biblatex Info: ... file 'biblatex.cfg' found.

(C:\Users\jiri\AppData\Local\Programs\MiKTeX\tex/latex/biblatex\biblatex.cfg
File: biblatex.cfg 
)
Package biblatex Info: Input encoding 'utf8' detected.
Package biblatex Info: Document encoding is UTF8 ....

(C:\Users\jiri\AppData\Local\Programs\MiKTeX\tex/latex/l3kernel\expl3.sty
Package: expl3 2023-06-16 L3 programming layer (loader) 

(C:\Users\jiri\AppData\Local\Programs\MiKTeX\tex/latex/l3backend\l3backend-pdft
ex.def
File: l3backend-pdftex.def 2023-04-19 L3 backend support: PDF output (pdfTeX)
\l__color_backend_stack_int=\count443
\l__pdf_internal_box=\box113
))
Package biblatex Info: ... and expl3
(biblatex)             2023-06-16 L3 programming layer (loader) 
(biblatex)             is new enough (at least 2020/04/06),
(biblatex)             setting 'casechanger=expl3'.

(C:\Users\jiri\AppData\Local\Programs\MiKTeX\tex/latex/biblatex\blx-case-expl3.
sty
(C:\Users\jiri\AppData\Local\Programs\MiKTeX\tex/latex/l3packages/xparse\xparse
.sty
Package: xparse 2023-02-02 L3 Experimental document command parser
)
Package: blx-case-expl3 2023/03/05 v3.19 expl3 case changing code for biblatex
))
(C:\Users\jiri\AppData\Local\Programs\MiKTeX\tex/latex/algorithm2e\algorithm2e.
sty
Package: algorithm2e 2017/07/18 v5.2 algorithms environments
\c@AlgoLine=\count444
\algocf@hangindent=\skip90

(C:\Users\jiri\AppData\Local\Programs\MiKTeX\tex/latex/ifoddpage\ifoddpage.sty
Package: ifoddpage 2022/10/18 v1.2 Conditionals for odd/even page detection
\c@checkoddpage=\count445
) (C:\Users\jiri\AppData\Local\Programs\MiKTeX\tex/latex/tools\xspace.sty
Package: xspace 2014/10/28 v1.13 Space after command names (DPC,MH)
)
(C:\Users\jiri\AppData\Local\Programs\MiKTeX\tex/latex/relsize\relsize.sty
Package: relsize 2013/03/29 ver 4.1
)
\skiptotal=\skip91
\skiplinenumber=\skip92
\skiprule=\skip93
\skiphlne=\skip94
\skiptext=\skip95
\skiplength=\skip96
\algomargin=\skip97
\skipalgocfslide=\skip98
\algowidth=\dimen188
\inoutsize=\dimen189
\inoutindent=\dimen190
\interspacetitleruled=\dimen191
\interspacealgoruled=\dimen192
\interspacetitleboxruled=\dimen193
\algocf@ruledwidth=\skip99
\algocf@inoutbox=\box114
\algocf@inputbox=\box115
\AlCapSkip=\skip100
\AlCapHSkip=\skip101
\algoskipindent=\skip102
\algocf@nlbox=\box116
\algocf@hangingbox=\box117
\algocf@untilbox=\box118
\algocf@skipuntil=\skip103
\algocf@capbox=\box119
\algocf@lcaptionbox=\skip104
\algoheightruledefault=\skip105
\algoheightrule=\skip106
\algotitleheightruledefault=\skip107
\algotitleheightrule=\skip108
\c@algocfline=\count446
\c@algocfproc=\count447
\c@algocf=\count448
\algocf@algoframe=\box120
\algocf@algobox=\box121
)
(C:\Users\jiri\AppData\Local\Programs\MiKTeX\tex/latex/tocloft\tocloft.sty
Package: tocloft 2017/08/31 v2.3i parameterised ToC, etc., typesetting
Package tocloft Info: The document has section divisions on input line 51.
\cftparskip=\skip109
\cftbeforetoctitleskip=\skip110
\cftaftertoctitleskip=\skip111
\cftbeforepartskip=\skip112
\cftpartnumwidth=\skip113
\cftpartindent=\skip114
\cftbeforesecskip=\skip115
\cftsecindent=\skip116
\cftsecnumwidth=\skip117
\cftbeforesubsecskip=\skip118
\cftsubsecindent=\skip119
\cftsubsecnumwidth=\skip120
\cftbeforesubsubsecskip=\skip121
\cftsubsubsecindent=\skip122
\cftsubsubsecnumwidth=\skip123
\cftbeforeparaskip=\skip124
\cftparaindent=\skip125
\cftparanumwidth=\skip126
\cftbeforesubparaskip=\skip127
\cftsubparaindent=\skip128
\cftsubparanumwidth=\skip129
\cftbeforeloftitleskip=\skip130
\cftafterloftitleskip=\skip131
\cftbeforefigskip=\skip132
\cftfigindent=\skip133
\cftfignumwidth=\skip134
\c@lofdepth=\count449
\c@lotdepth=\count450
\cftbeforelottitleskip=\skip135
\cftafterlottitleskip=\skip136
\cftbeforetabskip=\skip137
\cfttabindent=\skip138
\cfttabnumwidth=\skip139
)
Package csquotes Info: Checking for multilingual support...
Package csquotes Info: ... found 'babel' package.
Package csquotes Info: Adjusting default style.
Package csquotes Info: Redefining alias 'default' -> 'czech'.

(main_FoT.aux)
\openout1 = `main_FoT.aux'.

LaTeX Font Info:    Checking defaults for OML/cmm/m/it on input line 108.
LaTeX Font Info:    ... okay on input line 108.
LaTeX Font Info:    Checking defaults for OMS/cmsy/m/n on input line 108.
LaTeX Font Info:    ... okay on input line 108.
LaTeX Font Info:    Checking defaults for OT1/cmr/m/n on input line 108.
LaTeX Font Info:    ... okay on input line 108.
LaTeX Font Info:    Checking defaults for T1/cmr/m/n on input line 108.
LaTeX Font Info:    ... okay on input line 108.
LaTeX Font Info:    Checking defaults for TS1/cmr/m/n on input line 108.
LaTeX Font Info:    ... okay on input line 108.
LaTeX Font Info:    Checking defaults for OMX/cmex/m/n on input line 108.
LaTeX Font Info:    ... okay on input line 108.
LaTeX Font Info:    Checking defaults for U/cmr/m/n on input line 108.
LaTeX Font Info:    ... okay on input line 108.

*geometry* driver: auto-detecting
*geometry* detected driver: pdftex
*geometry* verbose mode - [ preamble ] result:
* driver: pdftex
* paper: a4paper
* layout: <same size as paper>
* layoutoffset:(h,v)=(0.0pt,0.0pt)
* modes: 
* h-part:(L,W,R)=(99.58464pt, 426.79135pt, 71.13188pt)
* v-part:(T,H,B)=(71.13188pt, 702.78308pt, 71.13188pt)
* \paperwidth=597.50787pt
* \paperheight=845.04684pt
* \textwidth=426.79135pt
* \textheight=702.78308pt
* \oddsidemargin=27.31465pt
* \evensidemargin=27.31465pt
* \topmargin=-38.1381pt
* \headheight=12.0pt
* \headsep=25.0pt
* \topskip=12.0pt
* \footskip=30.0pt
* \marginparwidth=35.0pt
* \marginparsep=10.0pt
* \columnsep=10.0pt
* \skip\footins=10.8pt plus 4.0pt minus 2.0pt
* \hoffset=0.0pt
* \voffset=0.0pt
* \mag=1000
* \@twocolumnfalse
* \@twosidefalse
* \@mparswitchfalse
* \@reversemarginfalse
* (1in=72.27pt=25.4mm, 1cm=28.453pt)


(C:\Users\jiri\AppData\Local\Programs\MiKTeX\tex/context/base/mkii\supp-pdf.mki
i
[Loading MPS to PDF converter (version 2006.09.02).]
\scratchcounter=\count451
\scratchdimen=\dimen194
\scratchbox=\box122
\nofMPsegments=\count452
\nofMParguments=\count453
\everyMPshowfont=\toks32
\MPscratchCnt=\count454
\MPscratchDim=\dimen195
\MPnumerator=\count455
\makeMPintoPDFobject=\count456
\everyMPtoPDFconversion=\toks33
)
(C:\Users\jiri\AppData\Local\Programs\MiKTeX\tex/latex/epstopdf-pkg\epstopdf-ba
se.sty
Package: epstopdf-base 2020-01-24 v2.11 Base part for package epstopdf
Package epstopdf-base Info: Redefining graphics rule for `.eps' on input line 4
85.

(C:\Users\jiri\AppData\Local\Programs\MiKTeX\tex/latex/00miktex\epstopdf-sys.cf
g
File: epstopdf-sys.cfg 2021/03/18 v2.0 Configuration of epstopdf for MiKTeX
))
Package translations Info: no dictionary file `translations-basic-dictionary-cz
ech.trsl' found. on input line 108.
Package caption Info: Begin \AtBeginDocument code.
Package caption Info: End \AtBeginDocument code.
Package biblatex Info: Trying to load language 'czech' -> 'czech-iso'...
Package biblatex Info: ... file 'czech-iso.lbx' found.

(C:\Users\jiri\AppData\Local\Programs\MiKTeX\tex/latex/biblatex-iso690\czech-is
o.lbx
File: czech-iso.lbx 2022/03/20 v0.4.1 ISO 690 extended biblatex localization
Package biblatex Info: Trying to load language 'czech'...
Package biblatex Info: ... file 'czech.lbx' found.

(C:\Users\jiri\AppData\Local\Programs\MiKTeX\tex/latex/biblatex/lbx\czech.lbx
File: czech.lbx 2023/03/05 v3.19 biblatex localization (PK/MW)
)
Package biblatex Info: Trying to load language 'czech'...
Package biblatex Info: ... file 'czech.lbx' found.

(C:\Users\jiri\AppData\Local\Programs\MiKTeX\tex/latex/biblatex/lbx\czech.lbx
File: czech.lbx 2023/03/05 v3.19 biblatex localization (PK/MW)
))
Package biblatex Info: Input encoding 'utf8' detected.
Package biblatex Info: Automatic encoding selection.
(biblatex)             Assuming data encoding 'utf8'.
\openout3 = `main_FoT.bcf'.

Package biblatex Info: Trying to load bibliographic data...
Package biblatex Info: ... file 'main_FoT.bbl' found.
(main_FoT.bbl)
Package biblatex Info: Reference section=0 on input line 108.
Package biblatex Info: Reference segment=0 on input line 108.
<obrazky/symbol_cvut_konturova_verze.pdf, id=1, 126.78566pt x 96.54268pt>
File: obrazky/symbol_cvut_konturova_verze.pdf Graphic file (type pdf)
<use obrazky/symbol_cvut_konturova_verze.pdf>
Package pdftex.def Info: obrazky/symbol_cvut_konturova_verze.pdf  used on input
 line 116.
(pdftex.def)             Requested size: 85.35696pt x 64.99702pt.
LaTeX Font Info:    Trying to load font information for OT1+phv on input line 1
18.

(C:\Users\jiri\AppData\Local\Programs\MiKTeX\tex/latex/psnfss\ot1phv.fd
File: ot1phv.fd 2020/03/25 scalable font definitions for OT1/phv.
)
Underfull \hbox (badness 10000) in paragraph at lines 134--138

 []


Underfull \hbox (badness 10000) in paragraph at lines 134--138

 []

[1

{C:/Users/jiri/AppData/Local/MiKTeX/fonts/map/pdftex/pdftex.map}{C:/Users/jiri/
AppData/Local/Programs/MiKTeX/fonts/enc/dvips/base/8r.enc} <./obrazky/symbol_cv
ut_konturova_verze.pdf>]
Overfull \hbox (35.56094pt too wide) in paragraph at lines 159--160
[] \OT1/cmr/m/n/12 Nem^^Sam z^^Sava^^Tzn^^Sy d^^Wuvod proti u^^Tzit^^S^^P to-ho
to ^^Tskoln^^S^^Pho d^^S^^Pla ve smyslu \TS1/cmr/m/n/12 §\OT1/cmr/m/n/12 60 Z^^
Sakona ^^Tc.121/2000 Sb.,
 []

[1

] [2

] [3

] (main_FoT.toc
LaTeX Font Info:    Trying to load font information for U+msa on input line 2.

(C:\Users\jiri\AppData\Local\Programs\MiKTeX\tex/latex/amsfonts\umsa.fd
File: umsa.fd 2013/01/14 v3.01 AMS symbols A
)
LaTeX Font Info:    Trying to load font information for U+msb on input line 2.

(C:\Users\jiri\AppData\Local\Programs\MiKTeX\tex/latex/amsfonts\umsb.fd
File: umsb.fd 2013/01/14 v3.01 AMS symbols B
))
\tf@toc=\write4
\openout4 = `main_FoT.toc'.


[4

] (00_seznam_symbolu_a_zkratek.tex
Overfull \hbox (1.76335pt too wide) in paragraph at lines 12--12
[]|$[][][]\OML/cmm/m/it/12 =\OT1/cmr/m/n/12 L$| 
 []


Overfull \hbox (1.76335pt too wide) in paragraph at lines 13--13
[]|$[][][]\OML/cmm/m/it/12 =\OT1/cmr/m/n/12 L$| 
 []


Overfull \hbox (1.76335pt too wide) in paragraph at lines 14--14
[]|$[][][]\OML/cmm/m/it/12 =\OT1/cmr/m/n/12 L$| 
 []


Overfull \hbox (1.76335pt too wide) in paragraph at lines 18--18
[]|$[][][]\OML/cmm/m/it/12 =\OT1/cmr/m/n/12 L$| 
 []


Overfull \hbox (14.6604pt too wide) in paragraph at lines 7--24
 [] 
 []


Overfull \hbox (16.88678pt too wide) in paragraph at lines 32--43
 [] 
 []

) [5

] (main_FoT.lot)
\tf@lot=\write5
\openout5 = `main_FoT.lot'.

 [6

] (main_FoT.lof [7

])
\tf@lof=\write6
\openout6 = `main_FoT.lof'.

 [8] (01_uvod.tex) [9

]
(02_prehled_soucasneho_stavu.tex
Overfull \hbox (1.10915pt too wide) in paragraph at lines 4--6
\OT1/cmr/m/n/12 vzdu-chu. [3] Z^^Sakladn^^S^^Pm fy-zik^^Saln^^S^^Pm prin-ci-pem
 je ana-lo-gie Ohmova z^^Sakona, kdy ze zn^^Sa-
 []

[10

]) [11] (03_cile_prace.tex) [12

] (04_metody.tex
Overfull \hbox (3.8453pt too wide) in paragraph at lines 4--7
\OT1/cmr/m/n/12 Invazivn^^S^^P me-tody m^^Te^^Tren^^S^^P re-spira^^Tcn^^S^^Pho 
syst^^Semu se v sou^^Tcasn^^Se dob^^Te ne-vyu^^Tz^^S^^Pvaj^^S^^P. []Cast^^Teji
 []


Overfull \hbox (9.41707pt too wide) in paragraph at lines 8--10
[]\OT1/cmr/m/n/12 AOS je m^^Te^^Trena po-moc^^S^^P p^^Tr^^S^^Pstroje tre-moflo 
C-100. Pod-sta-tou funkce to-hoto p^^Tr^^S^^Pstroje
 []

[13

]
Overfull \hbox (15.91455pt too wide) in paragraph at lines 41--43
\OT1/cmr/m/n/12 ra-cic Me-di-cal Sys-tems Inc., Ka-nada). Za^^Tr^^S^^Pzen^^S^^P
 vy^^Tzaduje ka-lib-raci p^^Tred ka^^Tzd^^Sym pou^^Tzit^^S^^Pm.
 []

[14]
Overfull \hbox (5.85635pt too wide) in paragraph at lines 47--50
[]\OT1/cmr/m/n/12 Model re-spira^^Tcn^^S^^Pho syst^^Semu byl se-stro-jen po-moc
^^S^^P me-cha-nick^^Sych ana-logi^^S^^P, sklen^^Ten^^Se
 []

<obrazky/schema.png, id=61, 704.6325pt x 536.75531pt>
File: obrazky/schema.png Graphic file (type png)
<use obrazky/schema.png>
Package pdftex.def Info: obrazky/schema.png  used on input line 53.
(pdftex.def)             Requested size: 426.79135pt x 325.11061pt.
<obrazky/fotka.jpg, id=62, 4047.12pt x 3035.34pt>
File: obrazky/fotka.jpg Graphic file (type jpg)
<use obrazky/fotka.jpg>
Package pdftex.def Info: obrazky/fotka.jpg  used on input line 60.
(pdftex.def)             Requested size: 426.79135pt x 320.08641pt.
[15 <./obrazky/schema.png>] [16 <./obrazky/fotka.jpg>]) [17

] (05_vysledky.tex
<obrazky/rezistance_dily_20_odpor_5.png, id=72, 421.575pt x 316.0608pt>
File: obrazky/rezistance_dily_20_odpor_5.png Graphic file (type png)
<use obrazky/rezistance_dily_20_odpor_5.png>
Package pdftex.def Info: obrazky/rezistance_dily_20_odpor_5.png  used on input 
line 26.
(pdftex.def)             Requested size: 213.39568pt x 159.98802pt.
<obrazky/reaktance_dily_20_odpor_5.png, id=73, 421.575pt x 316.0608pt>
File: obrazky/reaktance_dily_20_odpor_5.png Graphic file (type png)
<use obrazky/reaktance_dily_20_odpor_5.png>
Package pdftex.def Info: obrazky/reaktance_dily_20_odpor_5.png  used on input l
ine 32.
(pdftex.def)             Requested size: 213.39568pt x 159.98802pt.
<obrazky/rezistance_dily_20_odpor_20.png, id=74, 421.575pt x 316.0608pt>
File: obrazky/rezistance_dily_20_odpor_20.png Graphic file (type png)
<use obrazky/rezistance_dily_20_odpor_20.png>
Package pdftex.def Info: obrazky/rezistance_dily_20_odpor_20.png  used on input
 line 43.
(pdftex.def)             Requested size: 213.39568pt x 159.98802pt.
<obrazky/reaktance_dily_20_odpor_20.png, id=75, 421.575pt x 316.0608pt>
File: obrazky/reaktance_dily_20_odpor_20.png Graphic file (type png)
<use obrazky/reaktance_dily_20_odpor_20.png>
Package pdftex.def Info: obrazky/reaktance_dily_20_odpor_20.png  used on input 
line 49.
(pdftex.def)             Requested size: 213.39568pt x 159.98802pt.
<obrazky/rezistance_dily_20_odpor_50.png, id=76, 421.575pt x 316.0608pt>
File: obrazky/rezistance_dily_20_odpor_50.png Graphic file (type png)
<use obrazky/rezistance_dily_20_odpor_50.png>
Package pdftex.def Info: obrazky/rezistance_dily_20_odpor_50.png  used on input
 line 59.
(pdftex.def)             Requested size: 213.39568pt x 159.98802pt.
<obrazky/reaktance_dily_20_odpor_50.png, id=77, 421.575pt x 316.0608pt>
File: obrazky/reaktance_dily_20_odpor_50.png Graphic file (type png)
<use obrazky/reaktance_dily_20_odpor_50.png>
Package pdftex.def Info: obrazky/reaktance_dily_20_odpor_50.png  used on input 
line 65.
(pdftex.def)             Requested size: 213.39568pt x 159.98802pt.
<obrazky/rezistance_dily_40_odpor_5.png, id=78, 421.575pt x 316.0608pt>
File: obrazky/rezistance_dily_40_odpor_5.png Graphic file (type png)
<use obrazky/rezistance_dily_40_odpor_5.png>
Package pdftex.def Info: obrazky/rezistance_dily_40_odpor_5.png  used on input 
line 77.
(pdftex.def)             Requested size: 213.39568pt x 159.98802pt.
<obrazky/reaktance_dily_40_odpor_5.png, id=79, 421.575pt x 316.0608pt>
File: obrazky/reaktance_dily_40_odpor_5.png Graphic file (type png)
<use obrazky/reaktance_dily_40_odpor_5.png>
Package pdftex.def Info: obrazky/reaktance_dily_40_odpor_5.png  used on input l
ine 83.
(pdftex.def)             Requested size: 213.39568pt x 159.98802pt.
<obrazky/rezistance_dily_40_odpor_20.png, id=80, 421.575pt x 316.0608pt>
File: obrazky/rezistance_dily_40_odpor_20.png Graphic file (type png)
<use obrazky/rezistance_dily_40_odpor_20.png>
Package pdftex.def Info: obrazky/rezistance_dily_40_odpor_20.png  used on input
 line 93.
(pdftex.def)             Requested size: 213.39568pt x 159.98802pt.
<obrazky/reaktance_dily_40_odpor_20.png, id=81, 421.575pt x 316.0608pt>
File: obrazky/reaktance_dily_40_odpor_20.png Graphic file (type png)
<use obrazky/reaktance_dily_40_odpor_20.png>
Package pdftex.def Info: obrazky/reaktance_dily_40_odpor_20.png  used on input 
line 99.
(pdftex.def)             Requested size: 213.39568pt x 159.98802pt.
<obrazky/rezistance_dily_40_odpor_50.png, id=82, 421.575pt x 316.0608pt>
File: obrazky/rezistance_dily_40_odpor_50.png Graphic file (type png)
<use obrazky/rezistance_dily_40_odpor_50.png>
Package pdftex.def Info: obrazky/rezistance_dily_40_odpor_50.png  used on input
 line 109.
(pdftex.def)             Requested size: 213.39568pt x 159.98802pt.
<obrazky/reaktance_dily_40_odpor_50.png, id=83, 421.575pt x 316.0608pt>
File: obrazky/reaktance_dily_40_odpor_50.png Graphic file (type png)
<use obrazky/reaktance_dily_40_odpor_50.png>
Package pdftex.def Info: obrazky/reaktance_dily_40_odpor_50.png  used on input 
line 115.
(pdftex.def)             Requested size: 213.39568pt x 159.98802pt.
<obrazky/rezistance_dily_60_odpor_5.png, id=84, 421.575pt x 316.0608pt>
File: obrazky/rezistance_dily_60_odpor_5.png Graphic file (type png)
<use obrazky/rezistance_dily_60_odpor_5.png>
Package pdftex.def Info: obrazky/rezistance_dily_60_odpor_5.png  used on input 
line 129.
(pdftex.def)             Requested size: 213.39568pt x 159.98802pt.
<obrazky/reaktance_dily_60_odpor_5.png, id=85, 421.575pt x 316.0608pt>
File: obrazky/reaktance_dily_60_odpor_5.png Graphic file (type png)
<use obrazky/reaktance_dily_60_odpor_5.png>
Package pdftex.def Info: obrazky/reaktance_dily_60_odpor_5.png  used on input l
ine 135.
(pdftex.def)             Requested size: 213.39568pt x 159.98802pt.
<obrazky/rezistance_dily_60_odpor_20.png, id=86, 421.575pt x 316.0608pt>
File: obrazky/rezistance_dily_60_odpor_20.png Graphic file (type png)
<use obrazky/rezistance_dily_60_odpor_20.png>
Package pdftex.def Info: obrazky/rezistance_dily_60_odpor_20.png  used on input
 line 145.
(pdftex.def)             Requested size: 213.39568pt x 159.98802pt.
<obrazky/reaktance_dily_60_odpor_20.png, id=87, 421.575pt x 316.0608pt>
File: obrazky/reaktance_dily_60_odpor_20.png Graphic file (type png)
<use obrazky/reaktance_dily_60_odpor_20.png>
Package pdftex.def Info: obrazky/reaktance_dily_60_odpor_20.png  used on input 
line 151.
(pdftex.def)             Requested size: 213.39568pt x 159.98802pt.
<obrazky/rezistance_dily_60_odpor_50.png, id=88, 421.575pt x 316.0608pt>
File: obrazky/rezistance_dily_60_odpor_50.png Graphic file (type png)
<use obrazky/rezistance_dily_60_odpor_50.png>
Package pdftex.def Info: obrazky/rezistance_dily_60_odpor_50.png  used on input
 line 161.
(pdftex.def)             Requested size: 213.39568pt x 159.98802pt.
<obrazky/reaktance_dily_60_odpor_50.png, id=89, 421.575pt x 316.0608pt>
File: obrazky/reaktance_dily_60_odpor_50.png Graphic file (type png)
<use obrazky/reaktance_dily_60_odpor_50.png>
Package pdftex.def Info: obrazky/reaktance_dily_60_odpor_50.png  used on input 
line 167.
(pdftex.def)             Requested size: 213.39568pt x 159.98802pt.
<obrazky/rezistance_odpor_5_nadoba_35.png, id=90, 421.575pt x 316.0608pt>
File: obrazky/rezistance_odpor_5_nadoba_35.png Graphic file (type png)
<use obrazky/rezistance_odpor_5_nadoba_35.png>
Package pdftex.def Info: obrazky/rezistance_odpor_5_nadoba_35.png  used on inpu
t line 180.
(pdftex.def)             Requested size: 213.39568pt x 159.98802pt.
<obrazky/reaktance_odpor_5_nadoba_35.png, id=91, 421.575pt x 316.0608pt>
File: obrazky/reaktance_odpor_5_nadoba_35.png Graphic file (type png)
<use obrazky/reaktance_odpor_5_nadoba_35.png>
Package pdftex.def Info: obrazky/reaktance_odpor_5_nadoba_35.png  used on input
 line 186.
(pdftex.def)             Requested size: 213.39568pt x 159.98802pt.
<obrazky/rezistance_odpor_20_nadoba_35.png, id=92, 421.575pt x 316.0608pt>
File: obrazky/rezistance_odpor_20_nadoba_35.png Graphic file (type png)
<use obrazky/rezistance_odpor_20_nadoba_35.png>
Package pdftex.def Info: obrazky/rezistance_odpor_20_nadoba_35.png  used on inp
ut line 196.
(pdftex.def)             Requested size: 213.39568pt x 159.98802pt.
<obrazky/reaktance_odpor_20_nadoba_35.png, id=93, 421.575pt x 316.0608pt>
File: obrazky/reaktance_odpor_20_nadoba_35.png Graphic file (type png)
<use obrazky/reaktance_odpor_20_nadoba_35.png>
Package pdftex.def Info: obrazky/reaktance_odpor_20_nadoba_35.png  used on inpu
t line 202.
(pdftex.def)             Requested size: 213.39568pt x 159.98802pt.
<obrazky/rezistance_odpor_50_nadoba_35.png, id=94, 421.575pt x 316.0608pt>
File: obrazky/rezistance_odpor_50_nadoba_35.png Graphic file (type png)
<use obrazky/rezistance_odpor_50_nadoba_35.png>
Package pdftex.def Info: obrazky/rezistance_odpor_50_nadoba_35.png  used on inp
ut line 212.
(pdftex.def)             Requested size: 213.39568pt x 159.98802pt.
<obrazky/reaktance_odpor_50_nadoba_35.png, id=95, 421.575pt x 316.0608pt>
File: obrazky/reaktance_odpor_50_nadoba_35.png Graphic file (type png)
<use obrazky/reaktance_odpor_50_nadoba_35.png>
Package pdftex.def Info: obrazky/reaktance_odpor_50_nadoba_35.png  used on inpu
t line 218.
(pdftex.def)             Requested size: 213.39568pt x 159.98802pt.
<obrazky/rezistance_odpor_5_nadoba_54.png, id=96, 421.575pt x 316.0608pt>
File: obrazky/rezistance_odpor_5_nadoba_54.png Graphic file (type png)
<use obrazky/rezistance_odpor_5_nadoba_54.png>
Package pdftex.def Info: obrazky/rezistance_odpor_5_nadoba_54.png  used on inpu
t line 231.
(pdftex.def)             Requested size: 213.39568pt x 159.98802pt.
<obrazky/reaktance_odpor_5_nadoba_54.png, id=97, 421.575pt x 316.0608pt>
File: obrazky/reaktance_odpor_5_nadoba_54.png Graphic file (type png)
<use obrazky/reaktance_odpor_5_nadoba_54.png>
Package pdftex.def Info: obrazky/reaktance_odpor_5_nadoba_54.png  used on input
 line 237.
(pdftex.def)             Requested size: 213.39568pt x 159.98802pt.
<obrazky/rezistance_odpor_20_nadoba_54.png, id=98, 421.575pt x 316.0608pt>
File: obrazky/rezistance_odpor_20_nadoba_54.png Graphic file (type png)
<use obrazky/rezistance_odpor_20_nadoba_54.png>
Package pdftex.def Info: obrazky/rezistance_odpor_20_nadoba_54.png  used on inp
ut line 247.
(pdftex.def)             Requested size: 213.39568pt x 159.98802pt.
<obrazky/reaktance_odpor_20_nadoba_54.png, id=99, 421.575pt x 316.0608pt>
File: obrazky/reaktance_odpor_20_nadoba_54.png Graphic file (type png)
<use obrazky/reaktance_odpor_20_nadoba_54.png>
Package pdftex.def Info: obrazky/reaktance_odpor_20_nadoba_54.png  used on inpu
t line 253.
(pdftex.def)             Requested size: 213.39568pt x 159.98802pt.
<obrazky/rezistance_odpor_50_nadoba_54.png, id=100, 421.575pt x 316.0608pt>
File: obrazky/rezistance_odpor_50_nadoba_54.png Graphic file (type png)
<use obrazky/rezistance_odpor_50_nadoba_54.png>
Package pdftex.def Info: obrazky/rezistance_odpor_50_nadoba_54.png  used on inp
ut line 263.
(pdftex.def)             Requested size: 213.39568pt x 159.98802pt.
<obrazky/reaktance_odpor_50_nadoba_54.png, id=101, 421.575pt x 316.0608pt>
File: obrazky/reaktance_odpor_50_nadoba_54.png Graphic file (type png)
<use obrazky/reaktance_odpor_50_nadoba_54.png>
Package pdftex.def Info: obrazky/reaktance_odpor_50_nadoba_54.png  used on inpu
t line 269.
(pdftex.def)             Requested size: 213.39568pt x 159.98802pt.
<obrazky/rezistance_dily_20_nadoba_35.png, id=102, 421.575pt x 316.0608pt>
File: obrazky/rezistance_dily_20_nadoba_35.png Graphic file (type png)
<use obrazky/rezistance_dily_20_nadoba_35.png>
Package pdftex.def Info: obrazky/rezistance_dily_20_nadoba_35.png  used on inpu
t line 280.
(pdftex.def)             Requested size: 213.39568pt x 159.98802pt.
<obrazky/reaktance_dily_20_nadoba_35.png, id=103, 421.575pt x 316.0608pt>
File: obrazky/reaktance_dily_20_nadoba_35.png Graphic file (type png)
<use obrazky/reaktance_dily_20_nadoba_35.png>
Package pdftex.def Info: obrazky/reaktance_dily_20_nadoba_35.png  used on input
 line 286.
(pdftex.def)             Requested size: 213.39568pt x 159.98802pt.
<obrazky/rezistance_dily_40_nadoba_35.png, id=104, 421.575pt x 316.0608pt>
File: obrazky/rezistance_dily_40_nadoba_35.png Graphic file (type png)
<use obrazky/rezistance_dily_40_nadoba_35.png>
Package pdftex.def Info: obrazky/rezistance_dily_40_nadoba_35.png  used on inpu
t line 296.
(pdftex.def)             Requested size: 213.39568pt x 159.98802pt.
<obrazky/reaktance_dily_40_nadoba_35.png, id=105, 421.575pt x 316.0608pt>
File: obrazky/reaktance_dily_40_nadoba_35.png Graphic file (type png)
<use obrazky/reaktance_dily_40_nadoba_35.png>
Package pdftex.def Info: obrazky/reaktance_dily_40_nadoba_35.png  used on input
 line 302.
(pdftex.def)             Requested size: 213.39568pt x 159.98802pt.
<obrazky/rezistance_dily_60_nadoba_35.png, id=106, 421.575pt x 316.0608pt>
File: obrazky/rezistance_dily_60_nadoba_35.png Graphic file (type png)
<use obrazky/rezistance_dily_60_nadoba_35.png>
Package pdftex.def Info: obrazky/rezistance_dily_60_nadoba_35.png  used on inpu
t line 312.
(pdftex.def)             Requested size: 213.39568pt x 159.98802pt.
<obrazky/reaktance_dily_60_nadoba_35.png, id=107, 421.575pt x 316.0608pt>
File: obrazky/reaktance_dily_60_nadoba_35.png Graphic file (type png)
<use obrazky/reaktance_dily_60_nadoba_35.png>
Package pdftex.def Info: obrazky/reaktance_dily_60_nadoba_35.png  used on input
 line 318.
(pdftex.def)             Requested size: 213.39568pt x 159.98802pt.
<obrazky/rezistance_dily_20_nadoba_54.png, id=108, 421.575pt x 316.0608pt>
File: obrazky/rezistance_dily_20_nadoba_54.png Graphic file (type png)
<use obrazky/rezistance_dily_20_nadoba_54.png>
Package pdftex.def Info: obrazky/rezistance_dily_20_nadoba_54.png  used on inpu
t line 330.
(pdftex.def)             Requested size: 213.39568pt x 159.98802pt.
<obrazky/reaktance_dily_20_nadoba_54.png, id=109, 421.575pt x 316.0608pt>
File: obrazky/reaktance_dily_20_nadoba_54.png Graphic file (type png)
<use obrazky/reaktance_dily_20_nadoba_54.png>
Package pdftex.def Info: obrazky/reaktance_dily_20_nadoba_54.png  used on input
 line 336.
(pdftex.def)             Requested size: 213.39568pt x 159.98802pt.
<obrazky/rezistance_dily_40_nadoba_54.png, id=110, 421.575pt x 316.0608pt>
File: obrazky/rezistance_dily_40_nadoba_54.png Graphic file (type png)
<use obrazky/rezistance_dily_40_nadoba_54.png>
Package pdftex.def Info: obrazky/rezistance_dily_40_nadoba_54.png  used on inpu
t line 346.
(pdftex.def)             Requested size: 213.39568pt x 159.98802pt.
<obrazky/reaktance_dily_40_nadoba_54.png, id=111, 421.575pt x 316.0608pt>
File: obrazky/reaktance_dily_40_nadoba_54.png Graphic file (type png)
<use obrazky/reaktance_dily_40_nadoba_54.png>
Package pdftex.def Info: obrazky/reaktance_dily_40_nadoba_54.png  used on input
 line 352.
(pdftex.def)             Requested size: 213.39568pt x 159.98802pt.
<obrazky/rezistance_dily_60_nadoba_54.png, id=112, 421.575pt x 316.0608pt>
File: obrazky/rezistance_dily_60_nadoba_54.png Graphic file (type png)
<use obrazky/rezistance_dily_60_nadoba_54.png>
Package pdftex.def Info: obrazky/rezistance_dily_60_nadoba_54.png  used on inpu
t line 362.
(pdftex.def)             Requested size: 213.39568pt x 159.98802pt.
<obrazky/reaktance_dily_60_nadoba_54.png, id=113, 421.575pt x 316.0608pt>
File: obrazky/reaktance_dily_60_nadoba_54.png Graphic file (type png)
<use obrazky/reaktance_dily_60_nadoba_54.png>
Package pdftex.def Info: obrazky/reaktance_dily_60_nadoba_54.png  used on input
 line 368.
(pdftex.def)             Requested size: 213.39568pt x 159.98802pt.
)
[18

] [19 <./obrazky/rezistance_dily_20_odpor_5.png (PNG copy)> <./obrazky/reaktanc
e_dily_20_odpor_5.png (PNG copy)> <./obrazky/rezistance_dily_20_odpor_20.png (P
NG copy)> <./obrazky/reaktance_dily_20_odpor_20.png (PNG copy)> <./obrazky/rezi
stance_dily_20_odpor_50.png (PNG copy)> <./obrazky/reaktance_dily_20_odpor_50.p
ng (PNG copy)>] [20 <./obrazky/rezistance_dily_40_odpor_5.png (PNG copy)> <./ob
razky/reaktance_dily_40_odpor_5.png (PNG copy)> <./obrazky/rezistance_dily_40_o
dpor_20.png (PNG copy)> <./obrazky/reaktance_dily_40_odpor_20.png (PNG copy)> <
./obrazky/rezistance_dily_40_odpor_50.png (PNG copy)> <./obrazky/reaktance_dily
_40_odpor_50.png (PNG copy)>] [21 <./obrazky/rezistance_dily_60_odpor_5.png (PN
G copy)> <./obrazky/reaktance_dily_60_odpor_5.png (PNG copy)> <./obrazky/rezist
ance_dily_60_odpor_20.png (PNG copy)> <./obrazky/reaktance_dily_60_odpor_20.png
 (PNG copy)> <./obrazky/rezistance_dily_60_odpor_50.png (PNG copy)> <./obrazky/
reaktance_dily_60_odpor_50.png (PNG copy)>] [22 <./obrazky/rezistance_odpor_5_n
adoba_35.png (PNG copy)> <./obrazky/reaktance_odpor_5_nadoba_35.png (PNG copy)>
 <./obrazky/rezistance_odpor_20_nadoba_35.png (PNG copy)> <./obrazky/reaktance_
odpor_20_nadoba_35.png (PNG copy)> <./obrazky/rezistance_odpor_50_nadoba_35.png
 (PNG copy)> <./obrazky/reaktance_odpor_50_nadoba_35.png (PNG copy)>]
[23 <./obrazky/rezistance_odpor_5_nadoba_54.png (PNG copy)> <./obrazky/reaktanc
e_odpor_5_nadoba_54.png (PNG copy)> <./obrazky/rezistance_odpor_20_nadoba_54.pn
g (PNG copy)> <./obrazky/reaktance_odpor_20_nadoba_54.png (PNG copy)> <./obrazk
y/rezistance_odpor_50_nadoba_54.png (PNG copy)> <./obrazky/reaktance_odpor_50_n
adoba_54.png (PNG copy)>] [24 <./obrazky/rezistance_dily_20_nadoba_35.png (PNG 
copy)> <./obrazky/reaktance_dily_20_nadoba_35.png (PNG copy)> <./obrazky/rezist
ance_dily_40_nadoba_35.png (PNG copy)> <./obrazky/reaktance_dily_40_nadoba_35.p
ng (PNG copy)> <./obrazky/rezistance_dily_60_nadoba_35.png (PNG copy)> <./obraz
ky/reaktance_dily_60_nadoba_35.png (PNG copy)>] [25 <./obrazky/rezistance_dily_
20_nadoba_54.png (PNG copy)> <./obrazky/reaktance_dily_20_nadoba_54.png (PNG co
py)> <./obrazky/rezistance_dily_40_nadoba_54.png (PNG copy)> <./obrazky/reaktan
ce_dily_40_nadoba_54.png (PNG copy)> <./obrazky/rezistance_dily_60_nadoba_54.pn
g (PNG copy)> <./obrazky/reaktance_dily_60_nadoba_54.png (PNG copy)>]
(06_diskuse.tex
Overfull \hbox (2.82669pt too wide) in paragraph at lines 7--9
[]\OT1/cmr/m/n/12 P^^Tr^^S^^Pstroj m^^Te^^Tr^^S^^P na 8 r^^Wuzn^^Sych frek-venc
^^S^^Pch, jak bylo ji^^Tz zm^^S^^Pn^^Ten^^Se v ka-pi-tole 4[]. N^^Sasledn^^Te
 []

) [26

] (07_zaver.tex) [27

] [28


] (08_prilohy.tex (tabulky19.tex)) [29

] [30]
[31] [32] (main_FoT.aux)
 ***********
LaTeX2e <2023-06-01> patch level 1
L3 programming layer <2023-06-16>
 ***********
Package logreq Info: Writing requests to 'main_FoT.run.xml'.
\openout1 = `main_FoT.run.xml'.

 ) 
Here is how much of TeX's memory you used:
 21345 strings out of 476036
 437856 string characters out of 5780296
 1910763 words of memory out of 5000000
 41797 multiletter control sequences out of 15000+600000
 528105 words of font info for 69 fonts, out of 8000000 for 9000
 1141 hyphenation exceptions out of 8191
 73i,17n,81p,1540b,2732s stack positions out of 10000i,1000n,20000p,200000b,200000s
 <C:\Users\jiri\AppData\Local\MiKTeX\fonts/pk/ljfour/jknappen/ec/dpi600\tcrm1
200.pk><C:/Users/jiri/AppData/Local/Programs/MiKTeX/fonts/type1/public/amsfonts
/cm/cmbx12.pfb><C:/Users/jiri/AppData/Local/Programs/MiKTeX/fonts/type1/public/
amsfonts/cm/cmmi12.pfb><C:/Users/jiri/AppData/Local/Programs/MiKTeX/fonts/type1
/public/amsfonts/cm/cmmi8.pfb><C:/Users/jiri/AppData/Local/Programs/MiKTeX/font
s/type1/public/amsfonts/cm/cmr12.pfb><C:/Users/jiri/AppData/Local/Programs/MiKT
eX/fonts/type1/public/amsfonts/cm/cmr8.pfb><C:/Users/jiri/AppData/Local/Program
s/MiKTeX/fonts/type1/public/amsfonts/cm/cmsy10.pfb><C:/Users/jiri/AppData/Local
/Programs/MiKTeX/fonts/type1/public/amsfonts/cm/cmti12.pfb><C:/Users/jiri/AppDa
ta/Local/Programs/MiKTeX/fonts/type1/urw/helvetic/uhvb8a.pfb><C:/Users/jiri/App
Data/Local/Programs/MiKTeX/fonts/type1/urw/helvetic/uhvr8a.pfb>
Output written on main_FoT.pdf (33 pages, 2444555 bytes).
PDF statistics:
 206 PDF objects out of 1000 (max. 8388607)
 0 named destinations out of 1000 (max. 500000)
 226 words of extra memory for PDF output out of 10000 (max. 10000000)

